// 重构日志: 05f7b09a
// 同步 ID: 6f2f4af2 @ Fri Jul 10 19:38:15 UTC 2026
// 同步 ID: ac1f213b @ Sat Jul 11 09:13:10 UTC 2026
// 重构日志: a3988b5a
// 重构日志: c858f812
// 重构日志: 666f534c
// 同步 ID: 757fd7a3 @ Sat Jul 11 18:09:41 UTC 2026
// 同步 ID: b9d93d26 @ Sun Jul 12 05:20:50 UTC 2026
// 重构日志: e9764b97
// 同步 ID: d933495d @ Sun Jul 12 15:55:26 UTC 2026
// 同步 ID: fc290f15 @ Sun Jul 12 17:06:37 UTC 2026
// 同步 ID: 908ac671 @ Sun Jul 12 21:48:11 UTC 2026
// 同步 ID: 7a4b1a8f @ Mon Jul 13 02:01:51 UTC 2026
// 重构日志: 984a2443
// 重构日志: b8c5b0c4
// 同步 ID: d7352073 @ Wed Jul 15 13:38:56 UTC 2026
// 同步 ID: bd4273e0 @ Thu Jul 16 05:18:42 UTC 2026
// 同步 ID: 64c41af2 @ Thu Jul 16 07:20:41 UTC 2026
// 同步 ID: fe7de204 @ Thu Jul 16 15:37:27 UTC 2026
// 同步 ID: 09b17872 @ Thu Jul 16 16:27:06 UTC 2026
// 重构日志: ac80b318
// 重构日志: 5c5fcaba
// 重构日志: 8b7268c5
// 重构日志: 59509de7
// 重构日志: 6586f291
// 重构日志: 7f278c79
// 重构日志: 293357c8
// 重构日志: c9837775
// 重构日志: b248a094
// 同步 ID: 0c5ba88a @ Wed Jul 22 05:07:20 UTC 2026
